01:08:22.442 [main] INFO  - Goto my account-->Click on Login.. 
01:08:23.092 [main] INFO  - Entering email and password.. 
01:08:23.835 [main] INFO  - clicked on login button...
01:10:45.079 [main] INFO  - Goto my account-->Click on Login.. 
01:10:45.529 [main] INFO  - Entering email and password.. 
01:10:46.136 [main] INFO  - clicked on login button...
01:11:12.589 [main] INFO  - Goto my account-->Click on Login.. 
01:11:12.999 [main] INFO  - Entering email and password.. 
01:11:13.650 [main] INFO  - clicked on login button...
01:11:15.760 [main] INFO  - Goto my account-->Click on Login.. 
01:11:16.242 [main] INFO  - Entering email and password.. 
01:11:16.773 [main] INFO  - clicked on login button...
01:11:18.737 [main] INFO  - Goto my account-->Click on Login.. 
01:11:19.419 [main] INFO  - Entering email and password.. 
01:11:19.957 [main] INFO  - clicked on login button...
01:16:17.299 [main] INFO  - Goto my account-->Click on Login.. 
01:16:17.707 [main] INFO  - Entering email and password.. 
01:16:18.353 [main] INFO  - clicked on login button...
10:42:24.496 [main] INFO  - Goto my account-->Click on Login.. 
10:42:25.067 [main] INFO  - Entering email and password.. 
10:42:25.819 [main] INFO  - clicked on login button...
10:42:27.917 [main] INFO  - Goto my account-->Click on Login.. 
10:42:28.747 [main] INFO  - Entering email and password.. 
10:42:29.430 [main] INFO  - clicked on login button...
10:42:31.494 [main] INFO  - Goto my account-->Click on Login.. 
10:42:31.925 [main] INFO  - Entering email and password.. 
10:42:32.444 [main] INFO  - clicked on login button...
10:51:50.570 [main] INFO  - Goto my account-->Click on Login.. 
10:51:52.932 [main] INFO  - Goto my account-->Click on Login.. 
10:51:55.305 [main] INFO  - Goto my account-->Click on Login.. 
10:55:25.707 [main] INFO  - Goto my account-->Click on Login.. 
10:55:26.306 [main] DEBUG - Parsing relationship: /xl/_rels/workbook.xml.rels
10:55:26.309 [main] DEBUG - Parsing relationship: /xl/worksheets/_rels/sheet1.xml.rels
10:55:26.311 [main] DEBUG - Parsing relationship: /_rels/.rels
10:55:26.530 [main] TRACE - Loading type system org.apache.poi.schemas.ooxml.system.ooxml
10:55:26.534 [main] TRACE - Loading type system org.apache.xmlbeans.metadata.system.sXMLCONFIG
10:55:26.534 [main] TRACE - Loading type system org.apache.xmlbeans.metadata.system.sXMLLANG
10:55:26.534 [main] TRACE - Loading type system org.apache.xmlbeans.metadata.system.sXMLSCHEMA
10:55:26.535 [main] TRACE - Loading type system org.apache.xmlbeans.metadata.system.sXMLTOOLS
10:55:26.536 [main] TRACE - Reading unresolved handles for type system org.apache.xmlbeans.metadata.system.sXMLTOOLS
10:55:26.550 [main] TRACE - Finished loading type system org.apache.xmlbeans.metadata.system.sXMLTOOLS
10:55:26.551 [main] TRACE - Reading unresolved handles for type system org.apache.xmlbeans.metadata.system.sXMLSCHEMA
10:55:26.555 [main] TRACE - Finished loading type system org.apache.xmlbeans.metadata.system.sXMLSCHEMA
10:55:26.556 [main] TRACE - Reading unresolved handles for type system org.apache.xmlbeans.metadata.system.sXMLLANG
10:55:26.557 [main] TRACE - Finished loading type system org.apache.xmlbeans.metadata.system.sXMLLANG
10:55:26.558 [main] TRACE - Reading unresolved handles for type system org.apache.xmlbeans.metadata.system.sXMLCONFIG
10:55:26.559 [main] TRACE - Finished loading type system org.apache.xmlbeans.metadata.system.sXMLCONFIG
10:55:26.560 [main] TRACE - Reading unresolved handles for type system org.apache.poi.schemas.ooxml.system.ooxml
10:55:26.604 [main] TRACE - Finished loading type system org.apache.poi.schemas.ooxml.system.ooxml
10:55:26.605 [main] TRACE - Resolving type for handle themefd26doctype
10:55:26.679 [main] TRACE - Resolving type for handle stylesheet5d8bdoctype
10:55:26.685 [main] TRACE - Resolving type for handle ctstylesheet4257type
10:55:26.691 [main] TRACE - Resolving type for handle ctfonts6623type
10:55:26.696 [main] TRACE - Resolving type for handle ctfont14d8type
10:55:26.701 [main] TRACE - Resolving type for handle ctfills2c6ftype
10:55:26.704 [main] TRACE - Resolving type for handle ctfill550ctype
10:55:26.706 [main] TRACE - Resolving type for handle ctborders0d66type
10:55:26.711 [main] TRACE - Resolving type for handle ctborderf935type
10:55:26.716 [main] TRACE - Resolving type for handle ctcellxfs1322type
10:55:26.719 [main] TRACE - Resolving type for handle ctxf97f7type
10:55:26.722 [main] TRACE - Resolving type for handle ctcellstylexfsa81ftype
10:55:26.725 [main] TRACE - Resolving type for handle ctdxfsb26atype
10:55:26.727 [main] TRACE - Resolving type for handle cttablestyles872ftype
10:55:26.731 [main] TRACE - Resolving type for handle sstf81fdoctype
10:55:26.735 [main] TRACE - Resolving type for handle ctsst44f3type
10:55:26.744 [main] TRACE - Resolving type for handle ctrsta472type
10:55:26.766 [main] DEBUG - using default POIXMLDocumentPart for http://schemas.openxmlformats.org/officeDocument/2006/relationships/printerSettings
10:55:26.768 [main] TRACE - Resolving type for handle workbookec17doctype
10:55:26.773 [main] TRACE - Resolving type for handle ctworkbook83c3type
10:55:26.783 [main] TRACE - Resolving type for handle ctsheets49fdtype
10:55:26.787 [main] TRACE - Resolving type for handle ctsheet4dbetype
10:55:26.792 [main] TRACE - Resolving type for handle strelationshipid1e94type
10:55:26.796 [main] TRACE - Resolving type for handle worksheetf539doctype
10:55:26.802 [main] TRACE - Resolving type for handle ctworksheet530dtype
10:55:26.813 [main] TRACE - Resolving type for handle ctsheetdata8408type
10:55:26.817 [main] TRACE - Resolving type for handle ctrowdd39type
10:55:26.824 [main] TRACE - Resolving type for handle ctcell842btype
10:55:26.833 [main] TRACE - Resolving type for handle stcellrefe4e0type
10:55:26.844 [main] TRACE - Resolving type for handle ctcols627ctype
10:55:26.850 [main] TRACE - Resolving type for handle ctcola95ftype
10:55:26.871 [main] TRACE - Resolving type for handle cthyperlinks6416type
10:55:26.874 [main] TRACE - Resolving type for handle cthyperlink0c85type
10:55:26.884 [main] TRACE - Resolving type for handle stxstringf179type
10:55:26.888 [main] TRACE - Resolving type for handle stcelltypebf95type
10:55:30.013 [main] INFO  - Goto my account-->Click on Login.. 
10:55:30.675 [main] DEBUG - Parsing relationship: /xl/_rels/workbook.xml.rels
10:55:30.676 [main] DEBUG - Parsing relationship: /xl/worksheets/_rels/sheet1.xml.rels
10:55:30.678 [main] DEBUG - Parsing relationship: /_rels/.rels
10:55:30.697 [main] DEBUG - using default POIXMLDocumentPart for http://schemas.openxmlformats.org/officeDocument/2006/relationships/printerSettings
10:55:43.073 [main] INFO  - Goto my account-->Click on Login.. 
10:55:43.760 [main] DEBUG - Parsing relationship: /xl/_rels/workbook.xml.rels
10:55:43.761 [main] DEBUG - Parsing relationship: /xl/worksheets/_rels/sheet1.xml.rels
10:55:43.763 [main] DEBUG - Parsing relationship: /_rels/.rels
10:55:43.782 [main] DEBUG - using default POIXMLDocumentPart for http://schemas.openxmlformats.org/officeDocument/2006/relationships/printerSettings
10:57:34.276 [main] INFO  - Goto my account-->Click on Login.. 
10:57:34.868 [main] DEBUG - Parsing relationship: /xl/_rels/workbook.xml.rels
10:57:34.871 [main] DEBUG - Parsing relationship: /xl/worksheets/_rels/sheet1.xml.rels
10:57:34.872 [main] DEBUG - Parsing relationship: /_rels/.rels
10:57:35.031 [main] TRACE - Loading type system org.apache.poi.schemas.ooxml.system.ooxml
10:57:35.033 [main] TRACE - Loading type system org.apache.xmlbeans.metadata.system.sXMLCONFIG
10:57:35.034 [main] TRACE - Loading type system org.apache.xmlbeans.metadata.system.sXMLLANG
10:57:35.034 [main] TRACE - Loading type system org.apache.xmlbeans.metadata.system.sXMLSCHEMA
10:57:35.034 [main] TRACE - Loading type system org.apache.xmlbeans.metadata.system.sXMLTOOLS
10:57:35.036 [main] TRACE - Reading unresolved handles for type system org.apache.xmlbeans.metadata.system.sXMLTOOLS
10:57:35.047 [main] TRACE - Finished loading type system org.apache.xmlbeans.metadata.system.sXMLTOOLS
10:57:35.048 [main] TRACE - Reading unresolved handles for type system org.apache.xmlbeans.metadata.system.sXMLSCHEMA
10:57:35.051 [main] TRACE - Finished loading type system org.apache.xmlbeans.metadata.system.sXMLSCHEMA
10:57:35.053 [main] TRACE - Reading unresolved handles for type system org.apache.xmlbeans.metadata.system.sXMLLANG
10:57:35.053 [main] TRACE - Finished loading type system org.apache.xmlbeans.metadata.system.sXMLLANG
10:57:35.054 [main] TRACE - Reading unresolved handles for type system org.apache.xmlbeans.metadata.system.sXMLCONFIG
10:57:35.055 [main] TRACE - Finished loading type system org.apache.xmlbeans.metadata.system.sXMLCONFIG
10:57:35.056 [main] TRACE - Reading unresolved handles for type system org.apache.poi.schemas.ooxml.system.ooxml
10:57:35.100 [main] TRACE - Finished loading type system org.apache.poi.schemas.ooxml.system.ooxml
10:57:35.101 [main] TRACE - Resolving type for handle themefd26doctype
10:57:35.164 [main] TRACE - Resolving type for handle stylesheet5d8bdoctype
10:57:35.169 [main] TRACE - Resolving type for handle ctstylesheet4257type
10:57:35.173 [main] TRACE - Resolving type for handle ctfonts6623type
10:57:35.175 [main] TRACE - Resolving type for handle ctfont14d8type
10:57:35.180 [main] TRACE - Resolving type for handle ctfills2c6ftype
10:57:35.182 [main] TRACE - Resolving type for handle ctfill550ctype
10:57:35.183 [main] TRACE - Resolving type for handle ctborders0d66type
10:57:35.185 [main] TRACE - Resolving type for handle ctborderf935type
10:57:35.189 [main] TRACE - Resolving type for handle ctcellxfs1322type
10:57:35.191 [main] TRACE - Resolving type for handle ctxf97f7type
10:57:35.194 [main] TRACE - Resolving type for handle ctcellstylexfsa81ftype
10:57:35.196 [main] TRACE - Resolving type for handle ctdxfsb26atype
10:57:35.198 [main] TRACE - Resolving type for handle cttablestyles872ftype
10:57:35.201 [main] TRACE - Resolving type for handle sstf81fdoctype
10:57:35.205 [main] TRACE - Resolving type for handle ctsst44f3type
10:57:35.213 [main] TRACE - Resolving type for handle ctrsta472type
10:57:35.230 [main] DEBUG - using default POIXMLDocumentPart for http://schemas.openxmlformats.org/officeDocument/2006/relationships/printerSettings
10:57:35.231 [main] TRACE - Resolving type for handle workbookec17doctype
10:57:35.236 [main] TRACE - Resolving type for handle ctworkbook83c3type
10:57:35.241 [main] TRACE - Resolving type for handle ctsheets49fdtype
10:57:35.243 [main] TRACE - Resolving type for handle ctsheet4dbetype
10:57:35.245 [main] TRACE - Resolving type for handle strelationshipid1e94type
10:57:35.248 [main] TRACE - Resolving type for handle worksheetf539doctype
10:57:35.254 [main] TRACE - Resolving type for handle ctworksheet530dtype
10:57:35.263 [main] TRACE - Resolving type for handle ctsheetdata8408type
10:57:35.267 [main] TRACE - Resolving type for handle ctrowdd39type
10:57:35.276 [main] TRACE - Resolving type for handle ctcell842btype
10:57:35.283 [main] TRACE - Resolving type for handle stcellrefe4e0type
10:57:35.291 [main] TRACE - Resolving type for handle ctcols627ctype
10:57:35.295 [main] TRACE - Resolving type for handle ctcola95ftype
10:57:35.312 [main] TRACE - Resolving type for handle cthyperlinks6416type
10:57:35.315 [main] TRACE - Resolving type for handle cthyperlink0c85type
10:57:35.321 [main] TRACE - Resolving type for handle stxstringf179type
10:57:35.324 [main] TRACE - Resolving type for handle stcelltypebf95type
10:57:38.340 [main] INFO  - Goto my account-->Click on Login.. 
10:57:38.830 [main] DEBUG - Parsing relationship: /xl/_rels/workbook.xml.rels
10:57:38.835 [main] DEBUG - Parsing relationship: /xl/worksheets/_rels/sheet1.xml.rels
10:57:38.836 [main] DEBUG - Parsing relationship: /_rels/.rels
10:57:38.856 [main] DEBUG - using default POIXMLDocumentPart for http://schemas.openxmlformats.org/officeDocument/2006/relationships/printerSettings
10:57:51.257 [main] INFO  - Goto my account-->Click on Login.. 
10:57:51.734 [main] DEBUG - Parsing relationship: /xl/_rels/workbook.xml.rels
10:57:51.736 [main] DEBUG - Parsing relationship: /xl/worksheets/_rels/sheet1.xml.rels
10:57:51.738 [main] DEBUG - Parsing relationship: /_rels/.rels
10:57:51.757 [main] DEBUG - using default POIXMLDocumentPart for http://schemas.openxmlformats.org/officeDocument/2006/relationships/printerSettings
10:58:04.134 [main] INFO  - Goto my account-->Click on Login.. 
10:58:04.623 [main] DEBUG - Parsing relationship: /xl/_rels/workbook.xml.rels
10:58:04.626 [main] DEBUG - Parsing relationship: /xl/worksheets/_rels/sheet1.xml.rels
10:58:04.628 [main] DEBUG - Parsing relationship: /_rels/.rels
10:58:04.646 [main] DEBUG - using default POIXMLDocumentPart for http://schemas.openxmlformats.org/officeDocument/2006/relationships/printerSettings
10:58:17.032 [main] INFO  - Goto my account-->Click on Login.. 
10:58:17.534 [main] DEBUG - Parsing relationship: /xl/_rels/workbook.xml.rels
10:58:17.536 [main] DEBUG - Parsing relationship: /xl/worksheets/_rels/sheet1.xml.rels
10:58:17.539 [main] DEBUG - Parsing relationship: /_rels/.rels
10:58:17.556 [main] DEBUG - using default POIXMLDocumentPart for http://schemas.openxmlformats.org/officeDocument/2006/relationships/printerSettings
11:00:51.438 [main] INFO  - Goto my account-->Click on Login.. 
11:00:51.990 [main] DEBUG - Parsing relationship: /xl/_rels/workbook.xml.rels
11:00:51.993 [main] DEBUG - Parsing relationship: /xl/worksheets/_rels/sheet1.xml.rels
11:00:51.995 [main] DEBUG - Parsing relationship: /_rels/.rels
11:00:52.148 [main] TRACE - Loading type system org.apache.poi.schemas.ooxml.system.ooxml
11:00:52.150 [main] TRACE - Loading type system org.apache.xmlbeans.metadata.system.sXMLCONFIG
11:00:52.151 [main] TRACE - Loading type system org.apache.xmlbeans.metadata.system.sXMLLANG
11:00:52.151 [main] TRACE - Loading type system org.apache.xmlbeans.metadata.system.sXMLSCHEMA
11:00:52.152 [main] TRACE - Loading type system org.apache.xmlbeans.metadata.system.sXMLTOOLS
11:00:52.153 [main] TRACE - Reading unresolved handles for type system org.apache.xmlbeans.metadata.system.sXMLTOOLS
11:00:52.164 [main] TRACE - Finished loading type system org.apache.xmlbeans.metadata.system.sXMLTOOLS
11:00:52.165 [main] TRACE - Reading unresolved handles for type system org.apache.xmlbeans.metadata.system.sXMLSCHEMA
11:00:52.169 [main] TRACE - Finished loading type system org.apache.xmlbeans.metadata.system.sXMLSCHEMA
11:00:52.170 [main] TRACE - Reading unresolved handles for type system org.apache.xmlbeans.metadata.system.sXMLLANG
11:00:52.171 [main] TRACE - Finished loading type system org.apache.xmlbeans.metadata.system.sXMLLANG
11:00:52.172 [main] TRACE - Reading unresolved handles for type system org.apache.xmlbeans.metadata.system.sXMLCONFIG
11:00:52.172 [main] TRACE - Finished loading type system org.apache.xmlbeans.metadata.system.sXMLCONFIG
11:00:52.173 [main] TRACE - Reading unresolved handles for type system org.apache.poi.schemas.ooxml.system.ooxml
11:00:52.220 [main] TRACE - Finished loading type system org.apache.poi.schemas.ooxml.system.ooxml
11:00:52.220 [main] TRACE - Resolving type for handle themefd26doctype
11:00:52.278 [main] TRACE - Resolving type for handle stylesheet5d8bdoctype
11:00:52.283 [main] TRACE - Resolving type for handle ctstylesheet4257type
11:00:52.286 [main] TRACE - Resolving type for handle ctfonts6623type
11:00:52.288 [main] TRACE - Resolving type for handle ctfont14d8type
11:00:52.293 [main] TRACE - Resolving type for handle ctfills2c6ftype
11:00:52.294 [main] TRACE - Resolving type for handle ctfill550ctype
11:00:52.296 [main] TRACE - Resolving type for handle ctborders0d66type
11:00:52.299 [main] TRACE - Resolving type for handle ctborderf935type
11:00:52.304 [main] TRACE - Resolving type for handle ctcellxfs1322type
11:00:52.306 [main] TRACE - Resolving type for handle ctxf97f7type
11:00:52.309 [main] TRACE - Resolving type for handle ctcellstylexfsa81ftype
11:00:52.311 [main] TRACE - Resolving type for handle ctdxfsb26atype
11:00:52.313 [main] TRACE - Resolving type for handle cttablestyles872ftype
11:00:52.316 [main] TRACE - Resolving type for handle sstf81fdoctype
11:00:52.320 [main] TRACE - Resolving type for handle ctsst44f3type
11:00:52.330 [main] TRACE - Resolving type for handle ctrsta472type
11:00:52.345 [main] DEBUG - using default POIXMLDocumentPart for http://schemas.openxmlformats.org/officeDocument/2006/relationships/printerSettings
11:00:52.347 [main] TRACE - Resolving type for handle workbookec17doctype
11:00:52.351 [main] TRACE - Resolving type for handle ctworkbook83c3type
11:00:52.358 [main] TRACE - Resolving type for handle ctsheets49fdtype
11:00:52.360 [main] TRACE - Resolving type for handle ctsheet4dbetype
11:00:52.362 [main] TRACE - Resolving type for handle strelationshipid1e94type
11:00:52.364 [main] TRACE - Resolving type for handle worksheetf539doctype
11:00:52.370 [main] TRACE - Resolving type for handle ctworksheet530dtype
11:00:52.382 [main] TRACE - Resolving type for handle ctsheetdata8408type
11:00:52.385 [main] TRACE - Resolving type for handle ctrowdd39type
11:00:52.395 [main] TRACE - Resolving type for handle ctcell842btype
11:00:52.403 [main] TRACE - Resolving type for handle stcellrefe4e0type
11:00:52.411 [main] TRACE - Resolving type for handle ctcols627ctype
11:00:52.418 [main] TRACE - Resolving type for handle ctcola95ftype
11:00:52.434 [main] TRACE - Resolving type for handle cthyperlinks6416type
11:00:52.437 [main] TRACE - Resolving type for handle cthyperlink0c85type
11:00:52.447 [main] TRACE - Resolving type for handle stxstringf179type
11:00:52.449 [main] TRACE - Resolving type for handle stcelltypebf95type
11:01:38.108 [main] INFO  - Goto my account-->Click on Login.. 
11:01:38.643 [main] DEBUG - Parsing relationship: /xl/_rels/workbook.xml.rels
11:01:38.650 [main] DEBUG - Parsing relationship: /xl/worksheets/_rels/sheet1.xml.rels
11:01:38.652 [main] DEBUG - Parsing relationship: /_rels/.rels
11:01:38.806 [main] TRACE - Loading type system org.apache.poi.schemas.ooxml.system.ooxml
11:01:38.809 [main] TRACE - Loading type system org.apache.xmlbeans.metadata.system.sXMLCONFIG
11:01:38.809 [main] TRACE - Loading type system org.apache.xmlbeans.metadata.system.sXMLLANG
11:01:38.810 [main] TRACE - Loading type system org.apache.xmlbeans.metadata.system.sXMLSCHEMA
11:01:38.810 [main] TRACE - Loading type system org.apache.xmlbeans.metadata.system.sXMLTOOLS
11:01:38.811 [main] TRACE - Reading unresolved handles for type system org.apache.xmlbeans.metadata.system.sXMLTOOLS
11:01:38.821 [main] TRACE - Finished loading type system org.apache.xmlbeans.metadata.system.sXMLTOOLS
11:01:38.822 [main] TRACE - Reading unresolved handles for type system org.apache.xmlbeans.metadata.system.sXMLSCHEMA
11:01:38.826 [main] TRACE - Finished loading type system org.apache.xmlbeans.metadata.system.sXMLSCHEMA
11:01:38.827 [main] TRACE - Reading unresolved handles for type system org.apache.xmlbeans.metadata.system.sXMLLANG
11:01:38.828 [main] TRACE - Finished loading type system org.apache.xmlbeans.metadata.system.sXMLLANG
11:01:38.829 [main] TRACE - Reading unresolved handles for type system org.apache.xmlbeans.metadata.system.sXMLCONFIG
11:01:38.830 [main] TRACE - Finished loading type system org.apache.xmlbeans.metadata.system.sXMLCONFIG
11:01:38.831 [main] TRACE - Reading unresolved handles for type system org.apache.poi.schemas.ooxml.system.ooxml
11:01:38.881 [main] TRACE - Finished loading type system org.apache.poi.schemas.ooxml.system.ooxml
11:01:38.882 [main] TRACE - Resolving type for handle themefd26doctype
11:01:38.944 [main] TRACE - Resolving type for handle stylesheet5d8bdoctype
11:01:38.949 [main] TRACE - Resolving type for handle ctstylesheet4257type
11:01:38.953 [main] TRACE - Resolving type for handle ctfonts6623type
11:01:38.955 [main] TRACE - Resolving type for handle ctfont14d8type
11:01:38.959 [main] TRACE - Resolving type for handle ctfills2c6ftype
11:01:38.961 [main] TRACE - Resolving type for handle ctfill550ctype
11:01:38.963 [main] TRACE - Resolving type for handle ctborders0d66type
11:01:38.966 [main] TRACE - Resolving type for handle ctborderf935type
11:01:38.969 [main] TRACE - Resolving type for handle ctcellxfs1322type
11:01:38.972 [main] TRACE - Resolving type for handle ctxf97f7type
11:01:38.974 [main] TRACE - Resolving type for handle ctcellstylexfsa81ftype
11:01:38.976 [main] TRACE - Resolving type for handle ctdxfsb26atype
11:01:38.978 [main] TRACE - Resolving type for handle cttablestyles872ftype
11:01:38.981 [main] TRACE - Resolving type for handle sstf81fdoctype
11:01:38.986 [main] TRACE - Resolving type for handle ctsst44f3type
11:01:38.995 [main] TRACE - Resolving type for handle ctrsta472type
11:01:39.010 [main] DEBUG - using default POIXMLDocumentPart for http://schemas.openxmlformats.org/officeDocument/2006/relationships/printerSettings
11:01:39.011 [main] TRACE - Resolving type for handle workbookec17doctype
11:01:39.016 [main] TRACE - Resolving type for handle ctworkbook83c3type
11:01:39.021 [main] TRACE - Resolving type for handle ctsheets49fdtype
11:01:39.023 [main] TRACE - Resolving type for handle ctsheet4dbetype
11:01:39.025 [main] TRACE - Resolving type for handle strelationshipid1e94type
11:01:39.028 [main] TRACE - Resolving type for handle worksheetf539doctype
11:01:39.034 [main] TRACE - Resolving type for handle ctworksheet530dtype
11:01:39.047 [main] TRACE - Resolving type for handle ctsheetdata8408type
11:01:39.050 [main] TRACE - Resolving type for handle ctrowdd39type
11:01:39.055 [main] TRACE - Resolving type for handle ctcell842btype
11:01:39.062 [main] TRACE - Resolving type for handle stcellrefe4e0type
11:01:39.071 [main] TRACE - Resolving type for handle ctcols627ctype
11:01:39.078 [main] TRACE - Resolving type for handle ctcola95ftype
11:01:39.100 [main] TRACE - Resolving type for handle cthyperlinks6416type
11:01:39.104 [main] TRACE - Resolving type for handle cthyperlink0c85type
11:01:39.115 [main] TRACE - Resolving type for handle stxstringf179type
11:01:39.118 [main] TRACE - Resolving type for handle stcelltypebf95type
11:02:11.307 [main] INFO  - Goto my account-->Click on Login.. 
11:02:11.838 [main] DEBUG - Parsing relationship: /xl/_rels/workbook.xml.rels
11:02:11.841 [main] DEBUG - Parsing relationship: /xl/worksheets/_rels/sheet1.xml.rels
11:02:11.843 [main] DEBUG - Parsing relationship: /_rels/.rels
11:02:11.991 [main] TRACE - Loading type system org.apache.poi.schemas.ooxml.system.ooxml
11:02:11.993 [main] TRACE - Loading type system org.apache.xmlbeans.metadata.system.sXMLCONFIG
11:02:11.993 [main] TRACE - Loading type system org.apache.xmlbeans.metadata.system.sXMLLANG
11:02:11.994 [main] TRACE - Loading type system org.apache.xmlbeans.metadata.system.sXMLSCHEMA
11:02:11.994 [main] TRACE - Loading type system org.apache.xmlbeans.metadata.system.sXMLTOOLS
11:02:11.996 [main] TRACE - Reading unresolved handles for type system org.apache.xmlbeans.metadata.system.sXMLTOOLS
11:02:12.006 [main] TRACE - Finished loading type system org.apache.xmlbeans.metadata.system.sXMLTOOLS
11:02:12.007 [main] TRACE - Reading unresolved handles for type system org.apache.xmlbeans.metadata.system.sXMLSCHEMA
11:02:12.011 [main] TRACE - Finished loading type system org.apache.xmlbeans.metadata.system.sXMLSCHEMA
11:02:12.012 [main] TRACE - Reading unresolved handles for type system org.apache.xmlbeans.metadata.system.sXMLLANG
11:02:12.013 [main] TRACE - Finished loading type system org.apache.xmlbeans.metadata.system.sXMLLANG
11:02:12.014 [main] TRACE - Reading unresolved handles for type system org.apache.xmlbeans.metadata.system.sXMLCONFIG
11:02:12.014 [main] TRACE - Finished loading type system org.apache.xmlbeans.metadata.system.sXMLCONFIG
11:02:12.015 [main] TRACE - Reading unresolved handles for type system org.apache.poi.schemas.ooxml.system.ooxml
11:02:12.056 [main] TRACE - Finished loading type system org.apache.poi.schemas.ooxml.system.ooxml
11:02:12.057 [main] TRACE - Resolving type for handle themefd26doctype
11:02:12.121 [main] TRACE - Resolving type for handle stylesheet5d8bdoctype
11:02:12.126 [main] TRACE - Resolving type for handle ctstylesheet4257type
11:02:12.129 [main] TRACE - Resolving type for handle ctfonts6623type
11:02:12.131 [main] TRACE - Resolving type for handle ctfont14d8type
11:02:12.136 [main] TRACE - Resolving type for handle ctfills2c6ftype
11:02:12.137 [main] TRACE - Resolving type for handle ctfill550ctype
11:02:12.138 [main] TRACE - Resolving type for handle ctborders0d66type
11:02:12.140 [main] TRACE - Resolving type for handle ctborderf935type
11:02:12.143 [main] TRACE - Resolving type for handle ctcellxfs1322type
11:02:12.146 [main] TRACE - Resolving type for handle ctxf97f7type
11:02:12.149 [main] TRACE - Resolving type for handle ctcellstylexfsa81ftype
11:02:12.150 [main] TRACE - Resolving type for handle ctdxfsb26atype
11:02:12.153 [main] TRACE - Resolving type for handle cttablestyles872ftype
11:02:12.156 [main] TRACE - Resolving type for handle sstf81fdoctype
11:02:12.160 [main] TRACE - Resolving type for handle ctsst44f3type
11:02:12.169 [main] TRACE - Resolving type for handle ctrsta472type
11:02:12.185 [main] DEBUG - using default POIXMLDocumentPart for http://schemas.openxmlformats.org/officeDocument/2006/relationships/printerSettings
11:02:12.186 [main] TRACE - Resolving type for handle workbookec17doctype
11:02:12.191 [main] TRACE - Resolving type for handle ctworkbook83c3type
11:02:12.198 [main] TRACE - Resolving type for handle ctsheets49fdtype
11:02:12.200 [main] TRACE - Resolving type for handle ctsheet4dbetype
11:02:12.202 [main] TRACE - Resolving type for handle strelationshipid1e94type
11:02:12.204 [main] TRACE - Resolving type for handle worksheetf539doctype
11:02:12.209 [main] TRACE - Resolving type for handle ctworksheet530dtype
11:02:12.218 [main] TRACE - Resolving type for handle ctsheetdata8408type
11:02:12.220 [main] TRACE - Resolving type for handle ctrowdd39type
11:02:12.227 [main] TRACE - Resolving type for handle ctcell842btype
11:02:12.233 [main] TRACE - Resolving type for handle stcellrefe4e0type
11:02:12.241 [main] TRACE - Resolving type for handle ctcols627ctype
11:02:12.245 [main] TRACE - Resolving type for handle ctcola95ftype
11:02:12.258 [main] TRACE - Resolving type for handle cthyperlinks6416type
11:02:12.260 [main] TRACE - Resolving type for handle cthyperlink0c85type
11:02:12.267 [main] TRACE - Resolving type for handle stxstringf179type
11:02:12.269 [main] TRACE - Resolving type for handle stcelltypebf95type
11:02:15.117 [main] INFO  - Goto my account-->Click on Login.. 
11:02:15.576 [main] DEBUG - Parsing relationship: /xl/_rels/workbook.xml.rels
11:02:15.577 [main] DEBUG - Parsing relationship: /xl/worksheets/_rels/sheet1.xml.rels
11:02:15.579 [main] DEBUG - Parsing relationship: /_rels/.rels
11:02:15.597 [main] DEBUG - using default POIXMLDocumentPart for http://schemas.openxmlformats.org/officeDocument/2006/relationships/printerSettings
14:47:54.430 [main] INFO  - Goto my account-->Click on Login.. 
14:47:55.353 [main] INFO  - Entering email and password.. 
14:47:56.741 [main] INFO  - clicked on login button...
14:47:59.373 [main] INFO  - Goto my account-->Click on Login.. 
14:48:00.726 [main] INFO  - Entering email and password.. 
14:48:01.633 [main] INFO  - clicked on login button...
14:50:24.322 [main] INFO  - Goto my account-->Click on Login.. 
14:50:25.169 [main] INFO  - Entering email and password.. 
14:50:26.248 [main] INFO  - clicked on login button...
14:50:29.376 [main] INFO  - Goto my account-->Click on Login.. 
14:50:30.536 [main] INFO  - Entering email and password.. 
14:50:31.508 [main] INFO  - clicked on login button...
14:50:34.044 [main] INFO  - Goto my account-->Click on Login.. 
14:50:35.269 [main] INFO  - Entering email and password.. 
14:50:36.005 [main] INFO  - clicked on login button...
14:54:54.050 [main] INFO  - Goto my account-->Click on Login.. 
14:54:54.980 [main] INFO  - Entering email and password.. 
14:54:55.877 [main] INFO  - clicked on login button...
14:54:58.693 [main] INFO  - Goto my account-->Click on Login.. 
14:54:59.719 [main] INFO  - Entering email and password.. 
14:55:00.946 [main] INFO  - clicked on login button...
14:55:03.672 [main] INFO  - Goto my account-->Click on Login.. 
14:55:04.813 [main] INFO  - Entering email and password.. 
14:55:05.712 [main] INFO  - clicked on login button...
